Using pre-set license
Built from '2021.1/staging' branch; Version is '2021.1.12f1 (afcadd793de6) revision 11520733'; Using compiler version '192528614'; Build Type 'Release'
OS: 'Windows 10 Pro; OS build 19043.1645; Version 2009; 64bit' Language: 'en' Physical Memory: 16296 MB
BatchMode: 1, IsHumanControllingUs: 0, StartBugReporterOnCrash: 0, Is64bit: 1, IsPro: 0

 COMMAND LINE ARGUMENTS:
C:\Program Files\Unity\Hub\Editor\2021.1.12f1\Editor\Unity.exe
-adb2
-batchMode
-noUpm
-name
AssetImportWorker0
-projectPath
E:/UNI/Chris-Pawel-Professional-Awareness/ChrisPawelProf/AppProject
-logFile
Logs/AssetImportWorker0.log
-srvPort
51741
Successfully changed project path to: E:/UNI/Chris-Pawel-Professional-Awareness/ChrisPawelProf/AppProject
E:/UNI/Chris-Pawel-Professional-Awareness/ChrisPawelProf/AppProject
Using Asset Import Pipeline V2.
Refreshing native plugins compatible for Editor in 79.61 ms, found 3 plugins.
Preloading 0 native plugins for Editor in 0.00 ms.
Initialize engine version: 2021.1.12f1 (afcadd793de6)
[Subsystems] Discovering subsystems at path C:/Program Files/Unity/Hub/Editor/2021.1.12f1/Editor/Data/Resources/UnitySubsystems
[Subsystems] Discovering subsystems at path E:/UNI/Chris-Pawel-Professional-Awareness/ChrisPawelProf/AppProject/Assets
GfxDevice: creating device client; threaded=0; jobified=0
Direct3D:
    Version:  Direct3D 11.0 [level 11.1]
    Renderer: NVIDIA GeForce GTX 1070 (ID=0x1b81)
    Vendor:   NVIDIA
    VRAM:     8088 MB
    Driver:   30.0.14.7212
Initialize mono
Mono path[0] = 'C:/Program Files/Unity/Hub/Editor/2021.1.12f1/Editor/Data/Managed'
Mono path[1] = 'C:/Program Files/Unity/Hub/Editor/2021.1.12f1/Editor/Data/MonoBleedingEdge/lib/mono/unityjit'
Mono config path = 'C:/Program Files/Unity/Hub/Editor/2021.1.12f1/Editor/Data/MonoBleedingEdge/etc'
Using monoOptions --debugger-agent=transport=dt_socket,embedding=1,server=y,suspend=n,address=127.0.0.1:56612
Begin MonoManager ReloadAssembly
Registering precompiled unity dll's ...
Register platform support module: C:/Program Files/Unity/Hub/Editor/2021.1.12f1/Editor/Data/PlaybackEngines/WindowsStandaloneSupport/UnityEditor.WindowsStandalone.Extensions.dll
Registered in 0.002003 seconds.
Native extension for WindowsStandalone target not found
Refreshing native plugins compatible for Editor in 73.39 ms, found 3 plugins.
Preloading 0 native plugins for Editor in 0.00 ms.
Mono: successfully reloaded assembly
- Completed reload, in  1.676 seconds
Domain Reload Profiling:
	ReloadAssembly (1676ms)
		BeginReloadAssembly (57ms)
			ExecutionOrderSort (0ms)
			DisableScriptedObjects (0ms)
			BackupInstance (0ms)
			ReleaseScriptingObjects (0ms)
			CreateAndSetChildDomain (1ms)
		EndReloadAssembly (438ms)
			LoadAssemblies (54ms)
			RebuildTransferFunctionScriptingTraits (0ms)
			SetupTypeCache (161ms)
			ReleaseScriptCaches (0ms)
			RebuildScriptCaches (28ms)
			SetupLoadedEditorAssemblies (205ms)
				LogAssemblyErrors (0ms)
				InitializePlatformSupportModulesInManaged (5ms)
				SetLoadedEditorAssemblies (0ms)
				RefreshPlugins (73ms)
				BeforeProcessingInitializeOnLoad (1ms)
				ProcessInitializeOnLoadAttributes (94ms)
				ProcessInitializeOnLoadMethodAttributes (30ms)
				AfterProcessingInitializeOnLoad (0ms)
				EditorAssembliesLoaded (0ms)
			ExecutionOrderSort2 (0ms)
			AwakeInstancesAfterBackupRestoration (0ms)
Platform modules already initialized, skipping
Registering precompiled user dll's ...
Registered in 0.004350 seconds.
Begin MonoManager ReloadAssembly
Symbol file LoadedFromMemory doesn't match image E:\UNI\Chris-Pawel-Professional-Awareness\ChrisPawelProf\AppProject\Library\PackageCache\com.unity.visualscripting@1.6.1\Editor\VisualScripting.Core\Dependencies\YamlDotNet\Unity.VisualScripting.YamlDotNet.dll
Symbol file LoadedFromMemory doesn't match image E:\UNI\Chris-Pawel-Professional-Awareness\ChrisPawelProf\AppProject\Library\PackageCache\com.unity.visualscripting@1.6.1\Editor\VisualScripting.Core\Dependencies\DotNetZip\Unity.VisualScripting.IonicZip.dll
Native extension for WindowsStandalone target not found
Refreshing native plugins compatible for Editor in 0.49 ms, found 3 plugins.
Preloading 0 native plugins for Editor in 0.00 ms.
Mono: successfully reloaded assembly
- Completed reload, in  1.061 seconds
Domain Reload Profiling:
	ReloadAssembly (1062ms)
		BeginReloadAssembly (139ms)
			ExecutionOrderSort (0ms)
			DisableScriptedObjects (4ms)
			BackupInstance (0ms)
			ReleaseScriptingObjects (0ms)
			CreateAndSetChildDomain (17ms)
		EndReloadAssembly (867ms)
			LoadAssemblies (78ms)
			RebuildTransferFunctionScriptingTraits (0ms)
			SetupTypeCache (319ms)
			ReleaseScriptCaches (0ms)
			RebuildScriptCaches (46ms)
			SetupLoadedEditorAssemblies (311ms)
				LogAssemblyErrors (0ms)
				InitializePlatformSupportModulesInManaged (4ms)
				SetLoadedEditorAssemblies (0ms)
				RefreshPlugins (1ms)
				BeforeProcessingInitializeOnLoad (63ms)
				ProcessInitializeOnLoadAttributes (230ms)
				ProcessInitializeOnLoadMethodAttributes (5ms)
				AfterProcessingInitializeOnLoad (7ms)
				EditorAssembliesLoaded (0ms)
			ExecutionOrderSort2 (0ms)
			AwakeInstancesAfterBackupRestoration (7ms)
Platform modules already initialized, skipping
========================================================================
Worker process is ready to serve import requests
Launched and connected shader compiler UnityShaderCompiler.exe after 0.04 seconds
Refreshing native plugins compatible for Editor in 0.47 ms, found 3 plugins.
Preloading 0 native plugins for Editor in 0.00 ms.
Unloading 2974 Unused Serialized files (Serialized files now loaded: 0)
System memory in use before: 106.6 MB.
System memory in use after: 106.8 MB.

Unloading 22 unused Assets to reduce memory usage. Loaded Objects now: 3419.
Total: 1.937900 ms (FindLiveObjects: 0.204000 ms CreateObjectMapping: 0.131500 ms MarkObjects: 1.548000 ms  DeleteObjects: 0.053400 ms)

AssetImportParameters requested are different than current active one (requested -> active):
  custom:framework-win-MediaFoundation: 216162199b28c13a410421893ffa2e32 -> 
  custom:video-decoder-ogg-theora: a1e56fd34408186e4bbccfd4996cb3dc -> 
  custom:container-muxer-webm: aa71ff27fc2769a1b78a27578f13a17b -> 
  custom:container-demuxer-webm: 4f35f7cbe854078d1ac9338744f61a02 -> 
  custom:container-demuxer-ogg: 62fdf1f143b41e24485cea50d1cbac27 -> 
  custom:video-encoder-webm-vp8: eb34c28f22e8b96e1ab97ce403110664 -> 
  custom:video-decoder-webm-vp8: 9c59270c3fd7afecdb556c50c9e8de78 -> 
  custom:audio-decoder-ogg-vorbis: bf7c407c2cedff20999df2af8eb42d56 -> 
  custom:audio-encoder-webm-vorbis: bf7c407c2cedff20999df2af8eb42d56 -> 
========================================================================
Received Import Request.
  path: Assets/Assets/Simple Side-Menu/Examples/Example 1 (Clash of Clans)/Sprites/Handle.png
  artifactKey: Guid(0a176fa7bd0c17c4b8dd365b9566eda1) Importer(815301076,1909f56bfc062723c751e8b465ee728b)
Start importing Assets/Assets/Simple Side-Menu/Examples/Example 1 (Clash of Clans)/Sprites/Handle.png using Guid(0a176fa7bd0c17c4b8dd365b9566eda1) Importer(815301076,1909f56bfc062723c751e8b465ee728b)  -> (artifact id: '95be5ea2929d24f7b782bb5fa1bad07e') in 0.099904 seconds 
========================================================================
Received Import Request.
  Time since last request: 0.000198 seconds.
  path: Assets/Images/Alex'sStory.PNG
  artifactKey: Guid(e2d840c85ca317f4f97bd282d13f16da) Importer(815301076,1909f56bfc062723c751e8b465ee728b)
Start importing Assets/Images/Alex'sStory.PNG using Guid(e2d840c85ca317f4f97bd282d13f16da) Importer(815301076,1909f56bfc062723c751e8b465ee728b)  -> (artifact id: '7ffcb744202ad6c59addf0246f373c56') in 0.016230 seconds 
========================================================================
Received Import Request.
  Time since last request: 0.000157 seconds.
  path: Assets/Images/BannerTempPNG2.png
  artifactKey: Guid(3f315538bee6e5342942f877558c41a4) Importer(815301076,1909f56bfc062723c751e8b465ee728b)
Start importing Assets/Images/BannerTempPNG2.png using Guid(3f315538bee6e5342942f877558c41a4) Importer(815301076,1909f56bfc062723c751e8b465ee728b)  -> (artifact id: 'e2875d5705c2ec54e75f28d9f8689f90') in 0.014377 seconds 
========================================================================
Received Import Request.
  Time since last request: 0.000166 seconds.
  path: Assets/Images/HeadShots/s2112369_Lewis-Payne.jpg
  artifactKey: Guid(2bee183bc9f46024a9f22669f6cd6245) Importer(815301076,1909f56bfc062723c751e8b465ee728b)
Start importing Assets/Images/HeadShots/s2112369_Lewis-Payne.jpg using Guid(2bee183bc9f46024a9f22669f6cd6245) Importer(815301076,1909f56bfc062723c751e8b465ee728b)  -> (artifact id: '8a2452b4afc5a7f7bc476f312d3d9419') in 0.016098 seconds 
========================================================================
Received Import Request.
  Time since last request: 0.000191 seconds.
  path: Assets/Images/HeadShots/S2114650_John-Moss.jpg
  artifactKey: Guid(dc117a9dc2b378e4480785d1c5986b38) Importer(815301076,1909f56bfc062723c751e8b465ee728b)
Start importing Assets/Images/HeadShots/S2114650_John-Moss.jpg using Guid(dc117a9dc2b378e4480785d1c5986b38) Importer(815301076,1909f56bfc062723c751e8b465ee728b)  -> (artifact id: 'a3803227a4e9ad4555d74982deb2058f') in 0.012354 seconds 
========================================================================
Received Import Request.
  Time since last request: 0.000184 seconds.
  path: Assets/Images/HeadShots/s2114717_will-sayers.jpg
  artifactKey: Guid(3595c722456f13b4099acfff6bd8b562) Importer(815301076,1909f56bfc062723c751e8b465ee728b)
Start importing Assets/Images/HeadShots/s2114717_will-sayers.jpg using Guid(3595c722456f13b4099acfff6bd8b562) Importer(815301076,1909f56bfc062723c751e8b465ee728b)  -> (artifact id: 'd5835028b5c71b1fc164932e4b96412f') in 0.012482 seconds 
========================================================================
Received Import Request.
  Time since last request: 0.000179 seconds.
  path: Assets/Images/Costs&Fees-GamesProgramming.JPG
  artifactKey: Guid(1a50fbd1a12fc744b93a2d51ad322ddd) Importer(815301076,1909f56bfc062723c751e8b465ee728b)
Start importing Assets/Images/Costs&Fees-GamesProgramming.JPG using Guid(1a50fbd1a12fc744b93a2d51ad322ddd) Importer(815301076,1909f56bfc062723c751e8b465ee728b)  -> (artifact id: 'ea7144940beec006f9c5974dfdc61d07') in 0.016257 seconds 
========================================================================
Received Import Request.
  Time since last request: 0.000172 seconds.
  path: Assets/Assets/Simple Side-Menu/Examples/Example 2 (Google Maps)/Sprites/Settings.png
  artifactKey: Guid(40a4e95dc8f3e234883d45c1d616aa90) Importer(815301076,1909f56bfc062723c751e8b465ee728b)
Start importing Assets/Assets/Simple Side-Menu/Examples/Example 2 (Google Maps)/Sprites/Settings.png using Guid(40a4e95dc8f3e234883d45c1d616aa90) Importer(815301076,1909f56bfc062723c751e8b465ee728b)  -> (artifact id: '31708e0028ba4c7d0fb07ad804bee369') in 0.014032 seconds 
========================================================================
Received Import Request.
  Time since last request: 0.000189 seconds.
  path: Assets/Images/HeadShots/s2101213_Paul-OBrien.jpg
  artifactKey: Guid(3b281b660bd324c46aa2ed34bf49189a) Importer(815301076,1909f56bfc062723c751e8b465ee728b)
Start importing Assets/Images/HeadShots/s2101213_Paul-OBrien.jpg using Guid(3b281b660bd324c46aa2ed34bf49189a) Importer(815301076,1909f56bfc062723c751e8b465ee728b)  -> (artifact id: '4e82dea492947037971fab78c253c9c3') in 0.013101 seconds 
========================================================================
Received Import Request.
  Time since last request: 0.000179 seconds.
  path: Assets/Images/Wave.jpg
  artifactKey: Guid(bc9b086fbf85eed4d9784f021a3fa1b2) Importer(815301076,1909f56bfc062723c751e8b465ee728b)
Start importing Assets/Images/Wave.jpg using Guid(bc9b086fbf85eed4d9784f021a3fa1b2) Importer(815301076,1909f56bfc062723c751e8b465ee728b)  -> (artifact id: 'a273798b17c0638a78f7b389981abc37') in 0.040491 seconds 
========================================================================
Received Import Request.
  Time since last request: 0.000143 seconds.
  path: Assets/Assets/Simple Side-Menu/Examples/Example 2 (Google Maps)/Sprites/Background.png
  artifactKey: Guid(c1d2db5f806be834c8da8dbc8fd374e3) Importer(815301076,1909f56bfc062723c751e8b465ee728b)
Start importing Assets/Assets/Simple Side-Menu/Examples/Example 2 (Google Maps)/Sprites/Background.png using Guid(c1d2db5f806be834c8da8dbc8fd374e3) Importer(815301076,1909f56bfc062723c751e8b465ee728b)  -> (artifact id: 'ffafb2df41c912fb18eefb7eda811698') in 0.016329 seconds 
========================================================================
Received Import Request.
  Time since last request: 0.000187 seconds.
  path: Assets/Images/BannerTemp.JPG
  artifactKey: Guid(03dc26428d34cbd439db4a98fcbb1925) Importer(815301076,1909f56bfc062723c751e8b465ee728b)
Start importing Assets/Images/BannerTemp.JPG using Guid(03dc26428d34cbd439db4a98fcbb1925) Importer(815301076,1909f56bfc062723c751e8b465ee728b)  -> (artifact id: '3b744279c7b916f7e652591e13f2b637') in 0.012500 seconds 
========================================================================
Received Import Request.
  Time since last request: 0.000168 seconds.
  path: Assets/Images/HeadShots/GeorgeHulm.png
  artifactKey: Guid(730cf1314e937584eaa706e0b7edc9d2) Importer(815301076,1909f56bfc062723c751e8b465ee728b)
Start importing Assets/Images/HeadShots/GeorgeHulm.png using Guid(730cf1314e937584eaa706e0b7edc9d2) Importer(815301076,1909f56bfc062723c751e8b465ee728b)  -> (artifact id: '269df1df6751d602eb19ae08ce9a3dfe') in 0.012682 seconds 
========================================================================
Received Import Request.
  Time since last request: 0.000201 seconds.
  path: Assets/Images/HeadShots/DarylJones.png
  artifactKey: Guid(5e65981b931d2564faeebd0ebe795afd) Importer(815301076,1909f56bfc062723c751e8b465ee728b)
Start importing Assets/Images/HeadShots/DarylJones.png using Guid(5e65981b931d2564faeebd0ebe795afd) Importer(815301076,1909f56bfc062723c751e8b465ee728b)  -> (artifact id: '82319f533db51184b7fdda8e99400d00') in 0.010960 seconds 
========================================================================
Received Import Request.
  Time since last request: 0.000197 seconds.
  path: Assets/Images/BannerTemp1.png
  artifactKey: Guid(c955c4b82a2bf9b4593a7d61b8295b98) Importer(815301076,1909f56bfc062723c751e8b465ee728b)
Start importing Assets/Images/BannerTemp1.png using Guid(c955c4b82a2bf9b4593a7d61b8295b98) Importer(815301076,1909f56bfc062723c751e8b465ee728b)  -> (artifact id: '2bebda40ff100b26bc8e0c64062c012a') in 0.016887 seconds 
========================================================================
Received Import Request.
  Time since last request: 0.000202 seconds.
  path: Assets/Assets/Simple Side-Menu/Examples/Example 1 (Clash of Clans)/Sprites/Return Home.png
  artifactKey: Guid(7555a7a8b7b7a8240a3899b7eeb3aef3) Importer(815301076,1909f56bfc062723c751e8b465ee728b)
Start importing Assets/Assets/Simple Side-Menu/Examples/Example 1 (Clash of Clans)/Sprites/Return Home.png using Guid(7555a7a8b7b7a8240a3899b7eeb3aef3) Importer(815301076,1909f56bfc062723c751e8b465ee728b)  -> (artifact id: '58eb9258dc01eaf01804fc4b724cc94c') in 0.014961 seconds 
========================================================================
Received Import Request.
  Time since last request: 0.000174 seconds.
  path: Assets/Images/Kieran'sStory.PNG
  artifactKey: Guid(77d33ad84f2c551428927382b64bed18) Importer(815301076,1909f56bfc062723c751e8b465ee728b)
Start importing Assets/Images/Kieran'sStory.PNG using Guid(77d33ad84f2c551428927382b64bed18) Importer(815301076,1909f56bfc062723c751e8b465ee728b)  -> (artifact id: 'c54f4d65d4958e51008772b30915d395') in 0.016329 seconds 
========================================================================
Received Import Request.
  Time since last request: 0.000165 seconds.
  path: Assets/Images/HeadShots/BhupeshMishra.png
  artifactKey: Guid(f62a920f3c1883344bd019792d8fc2e1) Importer(815301076,1909f56bfc062723c751e8b465ee728b)
Start importing Assets/Images/HeadShots/BhupeshMishra.png using Guid(f62a920f3c1883344bd019792d8fc2e1) Importer(815301076,1909f56bfc062723c751e8b465ee728b)  -> (artifact id: 'f6c750f819af8988233a9a56366bbb00') in 0.011205 seconds 
========================================================================
Received Import Request.
  Time since last request: 0.000172 seconds.
  path: Assets/Assets/Simple Side-Menu/Examples/Example 1 (Clash of Clans)/Sprites/Player.png
  artifactKey: Guid(24e86f8db3504d249baeaf3e30111eb9) Importer(815301076,1909f56bfc062723c751e8b465ee728b)
Start importing Assets/Assets/Simple Side-Menu/Examples/Example 1 (Clash of Clans)/Sprites/Player.png using Guid(24e86f8db3504d249baeaf3e30111eb9) Importer(815301076,1909f56bfc062723c751e8b465ee728b)  -> (artifact id: '0f72b1f9d3348b5bee34607051da3451') in 0.014228 seconds 
========================================================================
Received Import Request.
  Time since last request: 0.000174 seconds.
  path: Assets/Assets/Simple Side-Menu/Examples/Example 2 (Google Maps)/Sprites/Hamburger Menu.png
  artifactKey: Guid(7b03651b3cb03f745ac3a4de0c0e8aa6) Importer(815301076,1909f56bfc062723c751e8b465ee728b)
Start importing Assets/Assets/Simple Side-Menu/Examples/Example 2 (Google Maps)/Sprites/Hamburger Menu.png using Guid(7b03651b3cb03f745ac3a4de0c0e8aa6) Importer(815301076,1909f56bfc062723c751e8b465ee728b)  -> (artifact id: 'b2359beb84cf0d4ecc936407a1640af0') in 0.011233 seconds 
========================================================================
Received Import Request.
  Time since last request: 0.000184 seconds.
  path: Assets/Images/HeadShots/s2105341_zayd-dawood.jpg
  artifactKey: Guid(43dc256bfead95c45a0869d6182e7d90) Importer(815301076,1909f56bfc062723c751e8b465ee728b)
Start importing Assets/Images/HeadShots/s2105341_zayd-dawood.jpg using Guid(43dc256bfead95c45a0869d6182e7d90) Importer(815301076,1909f56bfc062723c751e8b465ee728b)  -> (artifact id: '53613e15acd827691a9ae60587304d62') in 0.011908 seconds 
========================================================================
Received Import Request.
  Time since last request: 0.000211 seconds.
  path: Assets/Images/ReturnArrow.png
  artifactKey: Guid(3c426cc8ede717642ab9d466967afc54) Importer(815301076,1909f56bfc062723c751e8b465ee728b)
Start importing Assets/Images/ReturnArrow.png using Guid(3c426cc8ede717642ab9d466967afc54) Importer(815301076,1909f56bfc062723c751e8b465ee728b)  -> (artifact id: '7e80d41951c59fd43f49bb549c18b366') in 0.028069 seconds 
========================================================================
Received Import Request.
  Time since last request: 0.000178 seconds.
  path: Assets/Images/Fees&CostsforGamesDesign.PNG
  artifactKey: Guid(6039285214feb2c40ab04dd876debe1b) Importer(815301076,1909f56bfc062723c751e8b465ee728b)
Start importing Assets/Images/Fees&CostsforGamesDesign.PNG using Guid(6039285214feb2c40ab04dd876debe1b) Importer(815301076,1909f56bfc062723c751e8b465ee728b)  -> (artifact id: '68787d9c769ebb175efd2695ebe4fe17') in 0.011939 seconds 
========================================================================
Received Import Request.
  Time since last request: 0.000203 seconds.
  path: Assets/Images/HeadShots/James-Bradbury-.jpg
  artifactKey: Guid(67858b7ec83c26841bb6a5b0a1bad18e) Importer(815301076,1909f56bfc062723c751e8b465ee728b)
Start importing Assets/Images/HeadShots/James-Bradbury-.jpg using Guid(67858b7ec83c26841bb6a5b0a1bad18e) Importer(815301076,1909f56bfc062723c751e8b465ee728b)  -> (artifact id: 'a59b98d9874f8b80a5a43722c560f325') in 0.023623 seconds 
========================================================================
Received Import Request.
  Time since last request: 0.000186 seconds.
  path: Assets/Images/Costs&FeesGameDev.PNG
  artifactKey: Guid(3b3a7fcccf8094c4897ad956d0633e20) Importer(815301076,1909f56bfc062723c751e8b465ee728b)
Start importing Assets/Images/Costs&FeesGameDev.PNG using Guid(3b3a7fcccf8094c4897ad956d0633e20) Importer(815301076,1909f56bfc062723c751e8b465ee728b)  -> (artifact id: '3be5cc3f819d3d3e4ba50ad0766d48c3') in 0.011663 seconds 
========================================================================
Received Import Request.
  Time since last request: 0.000185 seconds.
  path: Assets/Images/Cost&FeesForGamesArt.png
  artifactKey: Guid(14cfddf7bd7e10f4eb9b4ca60ed2b596) Importer(815301076,1909f56bfc062723c751e8b465ee728b)
Start importing Assets/Images/Cost&FeesForGamesArt.png using Guid(14cfddf7bd7e10f4eb9b4ca60ed2b596) Importer(815301076,1909f56bfc062723c751e8b465ee728b)  -> (artifact id: '8470f06295dc7a4d9cf37b57364457c6') in 0.011835 seconds 
========================================================================
Received Import Request.
  Time since last request: 0.000153 seconds.
  path: Assets/Images/UniBackground.png
  artifactKey: Guid(761b38768c4069747959485823f70a42) Importer(815301076,1909f56bfc062723c751e8b465ee728b)
Start importing Assets/Images/UniBackground.png using Guid(761b38768c4069747959485823f70a42) Importer(815301076,1909f56bfc062723c751e8b465ee728b)  -> (artifact id: 'cab2a6f39409e9cf764898c2df92c95e') in 0.013949 seconds 
========================================================================
Received Import Request.
  Time since last request: 0.000223 seconds.
  path: Assets/Images/HeadShots/s2112648_Andre-Van-Rooijen.jpg
  artifactKey: Guid(c38ecdb59d752c740a929d7ce96c3e07) Importer(815301076,1909f56bfc062723c751e8b465ee728b)
Start importing Assets/Images/HeadShots/s2112648_Andre-Van-Rooijen.jpg using Guid(c38ecdb59d752c740a929d7ce96c3e07) Importer(815301076,1909f56bfc062723c751e8b465ee728b)  -> (artifact id: '634409c218fa7ac91ceea2422587d2a8') in 0.013157 seconds 
========================================================================
Received Import Request.
  Time since last request: 0.000191 seconds.
  path: Assets/Images/Tom'sStory.PNG
  artifactKey: Guid(df5f9a7f65222fe46b2336d6af8b919c) Importer(815301076,1909f56bfc062723c751e8b465ee728b)
Start importing Assets/Images/Tom'sStory.PNG using Guid(df5f9a7f65222fe46b2336d6af8b919c) Importer(815301076,1909f56bfc062723c751e8b465ee728b)  -> (artifact id: 'e76e2be499f9c9607db4073dfcce137b') in 0.013345 seconds 
========================================================================
Received Import Request.
  Time since last request: 0.000256 seconds.
  path: Assets/Assets/Simple Side-Menu/Examples/Example 1 (Clash of Clans)/Sprites/Base.png
  artifactKey: Guid(8d94955baca4dcb408e3174cd518cb50) Importer(815301076,1909f56bfc062723c751e8b465ee728b)
Start importing Assets/Assets/Simple Side-Menu/Examples/Example 1 (Clash of Clans)/Sprites/Base.png using Guid(8d94955baca4dcb408e3174cd518cb50) Importer(815301076,1909f56bfc062723c751e8b465ee728b)  -> (artifact id: 'aa755aec6ba32ef5fa2387cecb20fc59') in 0.033994 seconds 
========================================================================
Received Import Request.
  Time since last request: 0.000141 seconds.
  path: Assets/Assets/Simple Side-Menu/Examples/Example 1 (Clash of Clans)/Sprites/Chat.png
  artifactKey: Guid(f768fdf602642d34eaf5395f5b471f8c) Importer(815301076,1909f56bfc062723c751e8b465ee728b)
Start importing Assets/Assets/Simple Side-Menu/Examples/Example 1 (Clash of Clans)/Sprites/Chat.png using Guid(f768fdf602642d34eaf5395f5b471f8c) Importer(815301076,1909f56bfc062723c751e8b465ee728b)  -> (artifact id: '8e44f69830b1fca6481e4d94da455892') in 0.019158 seconds 
========================================================================
Received Import Request.
  Time since last request: 0.000176 seconds.
  path: Assets/Images/UniLogo.png
  artifactKey: Guid(fd7497bc0f323094e998200e81d61228) Importer(815301076,1909f56bfc062723c751e8b465ee728b)
Start importing Assets/Images/UniLogo.png using Guid(fd7497bc0f323094e998200e81d61228) Importer(815301076,1909f56bfc062723c751e8b465ee728b)  -> (artifact id: '37781b7b0f2a418f5015938f60f3fa25') in 0.022029 seconds 
========================================================================
Received Import Request.
  Time since last request: 0.000162 seconds.
  path: Assets/Images/Chloe'sStory.PNG
  artifactKey: Guid(01a76c4dea5db0748a1df21bfc01f7f5) Importer(815301076,1909f56bfc062723c751e8b465ee728b)
Start importing Assets/Images/Chloe'sStory.PNG using Guid(01a76c4dea5db0748a1df21bfc01f7f5) Importer(815301076,1909f56bfc062723c751e8b465ee728b)  -> (artifact id: '88123db4a8a31443fcac8ab2361d6da2') in 0.012556 seconds 
========================================================================
Received Import Request.
  Time since last request: 0.000172 seconds.
  path: Assets/Images/HeadShots/s2112618_rachel-brooks.jpg
  artifactKey: Guid(0ee14ab591388cc40b6379a93f5186f9) Importer(815301076,1909f56bfc062723c751e8b465ee728b)
Start importing Assets/Images/HeadShots/s2112618_rachel-brooks.jpg using Guid(0ee14ab591388cc40b6379a93f5186f9) Importer(815301076,1909f56bfc062723c751e8b465ee728b)  -> (artifact id: 'db51be4e1ecb8a2f9932ca0ae6629dc1') in 0.019660 seconds 
========================================================================
Received Prepare
Refreshing native plugins compatible for Editor in 2.70 ms, found 3 plugins.
Preloading 0 native plugins for Editor in 0.00 ms.
Unloading 15 Unused Serialized files (Serialized files now loaded: 0)
System memory in use before: 51.7 MB.
System memory in use after: 51.9 MB.

Unloading 15 unused Assets to reduce memory usage. Loaded Objects now: 3493.
Total: 2.207200 ms (FindLiveObjects: 0.211300 ms CreateObjectMapping: 0.117900 ms MarkObjects: 1.865800 ms  DeleteObjects: 0.011500 ms)

AssetImportParameters requested are different than current active one (requested -> active):
  custom:framework-win-MediaFoundation: 216162199b28c13a410421893ffa2e32 -> 
  custom:video-decoder-ogg-theora: a1e56fd34408186e4bbccfd4996cb3dc -> 
  custom:container-muxer-webm: aa71ff27fc2769a1b78a27578f13a17b -> 
  custom:container-demuxer-webm: 4f35f7cbe854078d1ac9338744f61a02 -> 
  custom:container-demuxer-ogg: 62fdf1f143b41e24485cea50d1cbac27 -> 
  custom:video-encoder-webm-vp8: eb34c28f22e8b96e1ab97ce403110664 -> 
  custom:video-decoder-webm-vp8: 9c59270c3fd7afecdb556c50c9e8de78 -> 
  custom:audio-decoder-ogg-vorbis: bf7c407c2cedff20999df2af8eb42d56 -> 
  custom:audio-encoder-webm-vorbis: bf7c407c2cedff20999df2af8eb42d56 -> 
AssetImportWorkerClient::OnTransportError - code=2 error=End of file
